[00:41:53] [main/INFO] (Launcher) ModLauncher running: args [--launchTarget, forgeclientuserdev, --version, MOD_DEV, --assetIndex, 1.19, --assetsDir, C:\Users\water\.gradle\caches\fabric-loom\assets, --gameDir, ., --fml.forgeVersion, 41.1.0, --fml.mcVersion, 1.19, --fml.forgeGroup, net.minecraftforge, --fml.mcpVersion, 20220607.102129, -mixin.config, worldpreview.mixins.json, --mixin.config, worldpreview.mixins.json]
[00:41:53] [main/INFO] (Launcher) ModLauncher 10.0.9+10.0.9+main.dcd20f30 starting: java version 17.0.2 by Oracle Corporation; OS Windows 10 arch amd64 version 10.0
[00:41:54] [main/INFO] (mixin) SpongePowered MIXIN Subsystem Version=0.8.5 Source=union:/C:/Users/water/.gradle/caches/modules-2/files-2.1/dev.architectury/mixin-patched/0.8.5.10/a8cf27a2274cbb5030707cf66df222a766435a4/mixin-patched-0.8.5.10.jar%23120!/ Service=ModLauncher Env=CLIENT
[00:41:54] [main/WARN] (FMLConfig) Configuration file D:\Git Repos\WorldPreview\forge\run\config\fml.toml is not correct. Correcting
[00:41:54] [main/WARN] (FMLConfig) Incorrect key [defaultConfigPath] was corrected from null to defaultconfigs
[00:41:54] [main/WARN] (ModFileParser) Mod file C:\Users\water\.gradle\caches\modules-2\files-2.1\net.minecraftforge\javafmllanguage\1.19-41.1.0\be32fef2bf3091b53308e5a1b1930169dd34136c\javafmllanguage-1.19-41.1.0.jar is missing mods.toml file
[00:41:54] [main/WARN] (ModFileParser) Mod file C:\Users\water\.gradle\caches\modules-2\files-2.1\net.minecraftforge\lowcodelanguage\1.19-41.1.0\887bff594c934cc4088c9c867db193b8537ee1f6\lowcodelanguage-1.19-41.1.0.jar is missing mods.toml file
[00:41:54] [main/WARN] (ModFileParser) Mod file C:\Users\water\.gradle\caches\modules-2\files-2.1\net.minecraftforge\mclanguage\1.19-41.1.0\48ae61dcde926300da0c051d88c072ef1dc71ebb\mclanguage-1.19-41.1.0.jar is missing mods.toml file
[00:41:54] [main/WARN] (ModFileParser) Mod file C:\Users\water\.gradle\caches\modules-2\files-2.1\net.minecraftforge\fmlcore\1.19-41.1.0\a11d8b3111ba256064745a6a79f7fee189751152\fmlcore-1.19-41.1.0.jar is missing mods.toml file
[00:41:54] [main/INFO] (ModDiscoverer) Found mod file javafmllanguage-1.19-41.1.0.jar of type LANGPROVIDER with provider net.minecraftforge.fml.loading.moddiscovery.MinecraftLocator@50572c04
[00:41:54] [main/INFO] (ModDiscoverer) Found mod file lowcodelanguage-1.19-41.1.0.jar of type LANGPROVIDER with provider net.minecraftforge.fml.loading.moddiscovery.MinecraftLocator@50572c04
[00:41:54] [main/INFO] (ModDiscoverer) Found mod file mclanguage-1.19-41.1.0.jar of type LANGPROVIDER with provider net.minecraftforge.fml.loading.moddiscovery.MinecraftLocator@50572c04
[00:41:54] [main/INFO] (ModDiscoverer) Found mod file fmlcore-1.19-41.1.0.jar of type LIBRARY with provider net.minecraftforge.fml.loading.moddiscovery.MinecraftLocator@50572c04
[00:41:54] [main/INFO] (ModDiscoverer) Found mod file forge-1.19-41.1.0-minecraft-merged-project-@forge-1.19-net.fabricmc.yarn.1_19.1.19+build.4-v2-forge-1.19-41.1.0.jar of type MOD with provider net.minecraftforge.fml.loading.moddiscovery.MinecraftLocator@50572c04
[00:41:54] [main/INFO] (ModDiscoverer) Found mod file main of type MOD with provider net.minecraftforge.fml.loading.moddiscovery.MinecraftLocator@50572c04
[00:41:54] [main/INFO] (ModDiscoverer) Found mod file  of type MOD with provider net.minecraftforge.fml.loading.moddiscovery.MinecraftLocator@50572c04
[00:41:54] [main/INFO] (ModDiscoverer) Found mod file architectury-forge-5.14.84.jar of type MOD with provider net.minecraftforge.fml.loading.moddiscovery.ClasspathLocator@21a09c5a
[00:41:54] [main/INFO] (ModDiscoverer) Found mod file 12393828334797607023.jar of type MOD with provider net.minecraftforge.fml.loading.moddiscovery.ClasspathLocator@21a09c5a
[00:41:54] [main/INFO] (ModDiscoverer) Found mod file architectury-forge-5.14.84.jar of type MOD with provider net.minecraftforge.fml.loading.moddiscovery.ClasspathLocator@21a09c5a
[00:41:54] [main/INFO] (ModDiscoverer) Found mod file 12393828334797607023.jar of type MOD with provider net.minecraftforge.fml.loading.moddiscovery.ClasspathLocator@21a09c5a
[00:41:54] [main/INFO] (JarInJarDependencyLocator) No dependencies to load found. Skipping!
[00:41:55] [main/INFO] (LaunchServiceHandler) Launching target 'forgeclientuserdev' with arguments [--version, MOD_DEV, --gameDir, ., --assetsDir, C:\Users\water\.gradle\caches\fabric-loom\assets, --assetIndex, 1.19]
[00:41:55] [main/INFO] (unprotect) Found 6730 Minecraft classes
[00:41:55] [main/INFO] (mixin) Remapping refMap architectury-forge-refmap.json using RemapperChain (Architectury Patched)
[00:41:55] [main/INFO] (mixin) Remapping refMap architectury-common-refmap.json using RemapperChain (Architectury Patched)
[00:41:59] [pool-6-thread-1/INFO] (Minecraft) Building unoptimized datafixer
[00:42:01] [Render thread/WARN] (Minecraft) Assets URL 'union:/D:/Git%20Repos/WorldPreview/.gradle/loom-cache/minecraftMaven/net/minecraft/forge-1.19-41.1.0-minecraft-merged-project-@forge/1.19-net.fabricmc.yarn.1_19.1.19+build.4-v2-forge-1.19-41.1.0/forge-1.19-41.1.0-minecraft-merged-project-@forge-1.19-net.fabricmc.yarn.1_19.1.19+build.4-v2-forge-1.19-41.1.0.jar%23185!/assets/.mcassetsroot' uses unexpected schema
[00:42:01] [Render thread/WARN] (Minecraft) Assets URL 'union:/D:/Git%20Repos/WorldPreview/.gradle/loom-cache/minecraftMaven/net/minecraft/forge-1.19-41.1.0-minecraft-merged-project-@forge/1.19-net.fabricmc.yarn.1_19.1.19+build.4-v2-forge-1.19-41.1.0/forge-1.19-41.1.0-minecraft-merged-project-@forge-1.19-net.fabricmc.yarn.1_19.1.19+build.4-v2-forge-1.19-41.1.0.jar%23185!/data/.mcassetsroot' uses unexpected schema
[00:42:01] [Render thread/INFO] (Minecraft) Environment: authHost='https://authserver.mojang.com', accountsHost='https://api.mojang.com', sessionHost='https://sessionserver.mojang.com', servicesHost='https://api.minecraftservices.com', name='PROD'
[00:42:01] [Render thread/INFO] (Minecraft) Setting user: Dev
[00:42:01] [Render thread/FATAL] (mixin) Mixin apply failed worldpreview.mixins.json:access.KeyBindingMixin -> net.minecraft.client.option.KeyBinding: org.spongepowered.asm.mixin.gen.throwables.InvalidAccessorException No candidates were found matching KEY_TO_BINDINGS:Ljava/util/Map; in net/minecraft/client/option/KeyBinding for worldpreview.mixins.json:access.KeyBindingMixin->@Accessor[FIELD_GETTER]::getKEY_TO_BINDINGS()Ljava/util/Map; [INJECT Applicator Phase -> worldpreview.mixins.json:access.KeyBindingMixin -> Apply Accessors ->  -> Locate -> worldpreview.mixins.json:access.KeyBindingMixin->@Accessor[FIELD_GETTER]::getKEY_TO_BINDINGS()Ljava/util/Map;]
org.spongepowered.asm.mixin.gen.throwables.InvalidAccessorException: No candidates were found matching KEY_TO_BINDINGS:Ljava/util/Map; in net/minecraft/client/option/KeyBinding for worldpreview.mixins.json:access.KeyBindingMixin->@Accessor[FIELD_GETTER]::getKEY_TO_BINDINGS()Ljava/util/Map; [INJECT Applicator Phase -> worldpreview.mixins.json:access.KeyBindingMixin -> Apply Accessors ->  -> Locate -> worldpreview.mixins.json:access.KeyBindingMixin->@Accessor[FIELD_GETTER]::getKEY_TO_BINDINGS()Ljava/util/Map;]
	at org.spongepowered.asm.mixin.gen.AccessorInfo.findTarget(AccessorInfo.java:518) ~[mixin-patched-0.8.5.10.jar:?]
	at org.spongepowered.asm.mixin.gen.AccessorInfo.findTargetField(AccessorInfo.java:501) ~[mixin-patched-0.8.5.10.jar:?]
	at org.spongepowered.asm.mixin.gen.AccessorInfo.locate(AccessorInfo.java:475) ~[mixin-patched-0.8.5.10.jar:?]
	at org.spongepowered.asm.mixin.transformer.MixinTargetContext.generateAccessors(MixinTargetContext.java:1389) ~[mixin-patched-0.8.5.10.jar:?]
	at org.spongepowered.asm.mixin.transformer.MixinApplicatorStandard.applyAccessors(MixinApplicatorStandard.java:1060) ~[mixin-patched-0.8.5.10.jar:?]
	at org.spongepowered.asm.mixin.transformer.MixinApplicatorStandard.applyMixin(MixinApplicatorStandard.java:398) ~[mixin-patched-0.8.5.10.jar:?]
	at org.spongepowered.asm.mixin.transformer.MixinApplicatorStandard.apply(MixinApplicatorStandard.java:325) ~[mixin-patched-0.8.5.10.jar:?]
	at org.spongepowered.asm.mixin.transformer.TargetClassContext.apply(TargetClassContext.java:383) ~[mixin-patched-0.8.5.10.jar:?]
	at org.spongepowered.asm.mixin.transformer.TargetClassContext.applyMixins(TargetClassContext.java:365) ~[mixin-patched-0.8.5.10.jar:?]
	at org.spongepowered.asm.mixin.transformer.MixinProcessor.applyMixins(MixinProcessor.java:363) ~[mixin-patched-0.8.5.10.jar:?]
	at org.spongepowered.asm.mixin.transformer.MixinTransformer.transformClass(MixinTransformer.java:250) ~[mixin-patched-0.8.5.10.jar:?]
	at org.spongepowered.asm.service.modlauncher.MixinTransformationHandler.processClass(MixinTransformationHandler.java:131) ~[mixin-patched-0.8.5.10.jar:?]
	at org.spongepowered.asm.launch.MixinLaunchPluginLegacy.processClass(MixinLaunchPluginLegacy.java:131) ~[mixin-patched-0.8.5.10.jar:?]
	at cpw.mods.modlauncher.serviceapi.ILaunchPluginService.processClassWithFlags(ILaunchPluginService.java:156) ~[modlauncher-10.0.9.jar:10.0.9+10.0.9+main.dcd20f30]
	at cpw.mods.modlauncher.LaunchPluginHandler.offerClassNodeToPlugins(LaunchPluginHandler.java:88) ~[modlauncher-10.0.9.jar:?]
	at cpw.mods.modlauncher.ClassTransformer.transform(ClassTransformer.java:120) ~[modlauncher-10.0.9.jar:?]
	at cpw.mods.modlauncher.TransformingClassLoader.maybeTransformClassBytes(TransformingClassLoader.java:50) ~[modlauncher-10.0.9.jar:?]
	at cpw.mods.cl.ModuleClassLoader.readerToClass(ModuleClassLoader.java:113) ~[securejarhandler-2.1.4.jar:?]
	at cpw.mods.cl.ModuleClassLoader.lambda$findClass$15(ModuleClassLoader.java:219) ~[securejarhandler-2.1.4.jar:?]
	at cpw.mods.cl.ModuleClassLoader.loadFromModule(ModuleClassLoader.java:229) ~[securejarhandler-2.1.4.jar:?]
	at cpw.mods.cl.ModuleClassLoader.findClass(ModuleClassLoader.java:219) ~[securejarhandler-2.1.4.jar:?]
	at cpw.mods.cl.ModuleClassLoader.loadClass(ModuleClassLoader.java:135) ~[securejarhandler-2.1.4.jar:?]
	at java.lang.ClassLoader.loadClass(ClassLoader.java:520) ~[?:?]
	at net.minecraft.client.MinecraftClient.<init>(MinecraftClient.java:411) ~[forge-1.19-41.1.0-minecraft-merged-project-@forge-1.19-net.fabricmc.yarn.1_19.1.19+build.4-v2-forge-1.19-41.1.0.jar%23185!/:?]
	at net.minecraft.client.main.Main.main(Main.java:170) ~[forge-1.19-41.1.0-minecraft-merged-project-@forge-1.19-net.fabricmc.yarn.1_19.1.19+build.4-v2-forge-1.19-41.1.0.jar%23185!/:?]
	at jdk.internal.reflect.NativeMethodAccessorImpl.invoke0(Native Method) ~[?:?]
	at jdk.internal.reflect.NativeMethodAccessorImpl.invoke(NativeMethodAccessorImpl.java:77) ~[?:?]
	at jdk.internal.reflect.DelegatingMethodAccessorImpl.invoke(DelegatingMethodAccessorImpl.java:43) ~[?:?]
	at java.lang.reflect.Method.invoke(Method.java:568) ~[?:?]
	at net.minecraftforge.fml.loading.targets.ForgeClientUserdevLaunchHandler.lambda$launchService$0(ForgeClientUserdevLaunchHandler.java:25) ~[fmlloader-1.19-41.1.0.jar%23100!/:?]
	at cpw.mods.modlauncher.LaunchServiceHandlerDecorator.launch(LaunchServiceHandlerDecorator.java:30) [modlauncher-10.0.9.jar%23105!/:?]
	at cpw.mods.modlauncher.LaunchServiceHandler.launch(LaunchServiceHandler.java:53) [modlauncher-10.0.9.jar%23105!/:?]
	at cpw.mods.modlauncher.LaunchServiceHandler.launch(LaunchServiceHandler.java:71) [modlauncher-10.0.9.jar%23105!/:?]
	at cpw.mods.modlauncher.Launcher.run(Launcher.java:108) [modlauncher-10.0.9.jar%23105!/:?]
	at cpw.mods.modlauncher.Launcher.main(Launcher.java:78) [modlauncher-10.0.9.jar%23105!/:?]
	at cpw.mods.modlauncher.BootstrapLaunchConsumer.accept(BootstrapLaunchConsumer.java:26) [modlauncher-10.0.9.jar%23105!/:?]
	at cpw.mods.modlauncher.BootstrapLaunchConsumer.accept(BootstrapLaunchConsumer.java:23) [modlauncher-10.0.9.jar%23105!/:?]
	at cpw.mods.bootstraplauncher.BootstrapLauncher.main(BootstrapLauncher.java:141) [bootstraplauncher-1.1.2.jar:1.1.2+1.1.2+main.09c1f998]
	at net.fabricmc.devlaunchinjector.Main.main(Main.java:86) [dev-launch-injector-0.2.1+build.8.jar:?]
	at dev.architectury.transformer.TransformerRuntime.main(TransformerRuntime.java:219) [architectury-transformer-5.2.83-runtime.jar:5.2.83]
